<?xml version="1.0" encoding="UTF-8"?>
<testsuite xmlns:xsi="http://www.w3.org/2001/XMLSchema-instance" xsi:noNamespaceSchemaLocation="https://maven.apache.org/surefire/maven-surefire-plugin/xsd/surefire-test-report.xsd" name="ConstructorTest" time="5.016" tests="1" errors="1" skipped="0" failures="0">
  <properties>
[...]
</properties>
  <testcase name="constructorTabsTest" classname="ConstructorTest" time="5.014">
    <error message="no such element: Unable to locate element: {&quot;method&quot;:&quot;xpath&quot;,&quot;selector&quot;:&quot;(.//section/div/div)[2]&quot;}&#10;  (Session info: chrome=110.0.5481.208)&#10;For documentation on this error, please visit: https://selenium.dev/exceptions/#no_such_element&#10;Build info: version: &apos;4.8.2&apos;, revision: &apos;826dbfc730&apos;&#10;System info: os.name: &apos;Mac OS X&apos;, os.arch: &apos;x86_64&apos;, os.version: &apos;13.3.1&apos;, java.version: &apos;19.0.1&apos;&#10;Driver info: org.openqa.selenium.chrome.ChromeDriver&#10;Command: [8343c5f18de79b39d733525ad7b9da1d, findElement {using=xpath, value=(.//section/div/div)[2]}]&#10;Capabilities {acceptInsecureCerts: false, browserName: chrome, browserVersion: 110.0.5481.208, chrome: {chromedriverVersion: 110.0.5481.77 (65ed616c6e8e..., userDataDir: /var/folders/7z/xk_0s2617tl...}, goog:chromeOptions: {debuggerAddress: localhost:56052}, networkConnectionEnabled: false, pageLoadStrategy: normal, platformName: MAC, proxy: Proxy(), se:cdp: ws://localhost:56052/devtoo..., se:cdpVersion: 110.0.5481.208, setWindowRect: true, strictFileInteractability: false, timeouts: {implicit: 0, pageLoad: 300000, script: 30000}, unhandledPromptBehavior: dismiss and notify, webauthn:extension:credBlob: true, webauthn:extension:largeBlob: true, webauthn:virtualAuthenticators: true}&#10;Session ID: 8343c5f18de79b39d733525ad7b9da1d" type="org.openqa.selenium.NoSuchElementException">org.openqa.selenium.NoSuchElementException: 
no such element: Unable to locate element: {"method":"xpath","selector":"(.//section/div/div)[2]"}
  (Session info: chrome=110.0.5481.208)
For documentation on this error, please visit: https://selenium.dev/exceptions/#no_such_element
Build info: version: '4.8.2', revision: '826dbfc730'
System info: os.name: 'Mac OS X', os.arch: 'x86_64', os.version: '13.3.1', java.version: '19.0.1'
Driver info: org.openqa.selenium.chrome.ChromeDriver
Command: [8343c5f18de79b39d733525ad7b9da1d, findElement {using=xpath, value=(.//section/div/div)[2]}]
Capabilities {acceptInsecureCerts: false, browserName: chrome, browserVersion: 110.0.5481.208, chrome: {chromedriverVersion: 110.0.5481.77 (65ed616c6e8e..., userDataDir: /var/folders/7z/xk_0s2617tl...}, goog:chromeOptions: {debuggerAddress: localhost:56052}, networkConnectionEnabled: false, pageLoadStrategy: normal, platformName: MAC, proxy: Proxy(), se:cdp: ws://localhost:56052/devtoo..., se:cdpVersion: 110.0.5481.208, setWindowRect: true, strictFileInteractability: false, timeouts: {implicit: 0, pageLoad: 300000, script: 30000}, unhandledPromptBehavior: dismiss and notify, webauthn:extension:credBlob: true, webauthn:extension:largeBlob: true, webauthn:virtualAuthenticators: true}
Session ID: 8343c5f18de79b39d733525ad7b9da1d
	at ConstructorTest.constructorTabsTest(ConstructorTest.java:50)
</error>
    <system-out><![CDATA[Request method:	POST
Request URI:	https://stellarburgers.nomoreparties.site/api/auth/register/
Proxy:			<none>
Request params:	<none>
Query params:	<none>
Form params:	<none>
Path params:	<none>
Headers:		Accept=*/*
				Content-Type=application/json
Cookies:		<none>
Multiparts:		<none>
Body:
{
    "email": "ienrvioewcenrve@yandex.ru",
    "password": "pwieciweknewn",
    "name": "evljnkerv"
}
Request method:	POST
Request URI:	https://stellarburgers.nomoreparties.site/api/auth/register/
Proxy:			<none>
Request params:	<none>
Query params:	<none>
Form params:	<none>
Path params:	<none>
Headers:		Accept=*/*
				Content-Type=application/json
Cookies:		<none>
Multiparts:		<none>
Body:
{
    "email": "ienrvioewcenrve@yandex.ru",
    "password": "pwieciweknewn",
    "name": "evljnkerv"
}
Request method:	POST
Request URI:	https://stellarburgers.nomoreparties.site/api/auth/register/
Proxy:			<none>
Request params:	<none>
Query params:	<none>
Form params:	<none>
Path params:	<none>
Headers:		Accept=*/*
				Content-Type=application/json
Cookies:		<none>
Multiparts:		<none>
Body:
{
    "email": "ienrvioewcenrve@yandex.ru",
    "password": "pwieciweknewn",
    "name": "evljnkerv"
}
HTTP/1.1 200 OK
Date: Wed, 24 May 2023 11:21:41 GMT
Content-Type: application/json; charset=utf-8
Transfer-Encoding: chunked
Connection: keep-alive
X-Powered-By: Express
Access-Control-Allow-Origin: *
authorization: Bearer eyJhbGciOiJIUzI1NiIsInR5cCI6IkpXVCJ9.eyJpZCI6IjY0NmRmMzQ1OWVkMjgwMDAxYjMyODk1MSIsImlhdCI6MTY4NDkyNzMwMSwiZXhwIjoxNjg0OTI4NTAxfQ.-OdSb6-YymFhyGAy9QaOXfo1kBnVrcSnS7-AaSHCZhg
ETag: W/"175-dbCcESsqLHNIariMWzCfQbx/1V4"
CF-Cache-Status: DYNAMIC
Report-To: {"endpoints":[{"url":"https:\/\/a.nel.cloudflare.com\/report\/v3?s=EM%2BiOUu%2B4%2FZyM%2BJ3lmEk2BDieNz76vxHfy6dtat%2BPxBfbRYfqqnQlbpN1HR84xGqO4U9PyicAzEn9JGTaAIiiln3Ydp%2Bx50%2FpTamrr1a9iQyTZ%2Fl%2Fh1Ip8ybBLJnLxYnXlMdopJh1XwgWZPuclx3lYXcaWM%3D"}],"group":"cf-nel","max_age":604800}
NEL: {"success_fraction":0,"report_to":"cf-nel","max_age":604800}
Server: cloudflare
CF-RAY: 7cc52810bc3803ac-FRA
Content-Encoding: gzip
alt-svc: h3=":443"; ma=86400, h3-29=":443"; ma=86400

{
    "success": true,
    "user": {
        "email": "ienrvioewcenrve@yandex.ru",
        "name": "evljnkerv"
    },
    "accessToken": "Bearer eyJhbGciOiJIUzI1NiIsInR5cCI6IkpXVCJ9.eyJpZCI6IjY0NmRmMzQ1OWVkMjgwMDAxYjMyODk1MSIsImlhdCI6MTY4NDkyNzMwMSwiZXhwIjoxNjg0OTI4NTAxfQ.-OdSb6-YymFhyGAy9QaOXfo1kBnVrcSnS7-AaSHCZhg",
    "refreshToken": "9a2713c467e247fef12b8b80ac0e11a215fc85802a53380913d8c4df95ee0125fccea18c17eaa8cf"
}
HTTP/1.1 200 OK
Date: Wed, 24 May 2023 11:21:41 GMT
Content-Type: application/json; charset=utf-8
Transfer-Encoding: chunked
Connection: keep-alive
X-Powered-By: Express
Access-Control-Allow-Origin: *
authorization: Bearer eyJhbGciOiJIUzI1NiIsInR5cCI6IkpXVCJ9.eyJpZCI6IjY0NmRmMzQ1OWVkMjgwMDAxYjMyODk1MSIsImlhdCI6MTY4NDkyNzMwMSwiZXhwIjoxNjg0OTI4NTAxfQ.-OdSb6-YymFhyGAy9QaOXfo1kBnVrcSnS7-AaSHCZhg
ETag: W/"175-dbCcESsqLHNIariMWzCfQbx/1V4"
CF-Cache-Status: DYNAMIC
Report-To: {"endpoints":[{"url":"https:\/\/a.nel.cloudflare.com\/report\/v3?s=EM%2BiOUu%2B4%2FZyM%2BJ3lmEk2BDieNz76vxHfy6dtat%2BPxBfbRYfqqnQlbpN1HR84xGqO4U9PyicAzEn9JGTaAIiiln3Ydp%2Bx50%2FpTamrr1a9iQyTZ%2Fl%2Fh1Ip8ybBLJnLxYnXlMdopJh1XwgWZPuclx3lYXcaWM%3D"}],"group":"cf-nel","max_age":604800}
NEL: {"success_fraction":0,"report_to":"cf-nel","max_age":604800}
Server: cloudflare
CF-RAY: 7cc52810bc3803ac-FRA
Content-Encoding: gzip
alt-svc: h3=":443"; ma=86400, h3-29=":443"; ma=86400

{
    "success": true,
    "user": {
        "email": "ienrvioewcenrve@yandex.ru",
        "name": "evljnkerv"
    },
    "accessToken": "Bearer eyJhbGciOiJIUzI1NiIsInR5cCI6IkpXVCJ9.eyJpZCI6IjY0NmRmMzQ1OWVkMjgwMDAxYjMyODk1MSIsImlhdCI6MTY4NDkyNzMwMSwiZXhwIjoxNjg0OTI4NTAxfQ.-OdSb6-YymFhyGAy9QaOXfo1kBnVrcSnS7-AaSHCZhg",
    "refreshToken": "9a2713c467e247fef12b8b80ac0e11a215fc85802a53380913d8c4df95ee0125fccea18c17eaa8cf"
}
HTTP/1.1 200 OK
Date: Wed, 24 May 2023 11:21:41 GMT
Content-Type: application/json; charset=utf-8
Transfer-Encoding: chunked
Connection: keep-alive
X-Powered-By: Express
Access-Control-Allow-Origin: *
authorization: Bearer eyJhbGciOiJIUzI1NiIsInR5cCI6IkpXVCJ9.eyJpZCI6IjY0NmRmMzQ1OWVkMjgwMDAxYjMyODk1MSIsImlhdCI6MTY4NDkyNzMwMSwiZXhwIjoxNjg0OTI4NTAxfQ.-OdSb6-YymFhyGAy9QaOXfo1kBnVrcSnS7-AaSHCZhg
ETag: W/"175-dbCcESsqLHNIariMWzCfQbx/1V4"
CF-Cache-Status: DYNAMIC
Report-To: {"endpoints":[{"url":"https:\/\/a.nel.cloudflare.com\/report\/v3?s=EM%2BiOUu%2B4%2FZyM%2BJ3lmEk2BDieNz76vxHfy6dtat%2BPxBfbRYfqqnQlbpN1HR84xGqO4U9PyicAzEn9JGTaAIiiln3Ydp%2Bx50%2FpTamrr1a9iQyTZ%2Fl%2Fh1Ip8ybBLJnLxYnXlMdopJh1XwgWZPuclx3lYXcaWM%3D"}],"group":"cf-nel","max_age":604800}
NEL: {"success_fraction":0,"report_to":"cf-nel","max_age":604800}
Server: cloudflare
CF-RAY: 7cc52810bc3803ac-FRA
Content-Encoding: gzip
alt-svc: h3=":443"; ma=86400, h3-29=":443"; ma=86400

{
    "success": true,
    "user": {
        "email": "ienrvioewcenrve@yandex.ru",
        "name": "evljnkerv"
    },
    "accessToken": "Bearer eyJhbGciOiJIUzI1NiIsInR5cCI6IkpXVCJ9.eyJpZCI6IjY0NmRmMzQ1OWVkMjgwMDAxYjMyODk1MSIsImlhdCI6MTY4NDkyNzMwMSwiZXhwIjoxNjg0OTI4NTAxfQ.-OdSb6-YymFhyGAy9QaOXfo1kBnVrcSnS7-AaSHCZhg",
    "refreshToken": "9a2713c467e247fef12b8b80ac0e11a215fc85802a53380913d8c4df95ee0125fccea18c17eaa8cf"
}
Request method:	DELETE
Request URI:	https://stellarburgers.nomoreparties.site/api/auth/user/
Proxy:			<none>
Request params:	<none>
Query params:	<none>
Form params:	<none>
Path params:	<none>
Headers:		Authorization=Bearer eyJhbGciOiJIUzI1NiIsInR5cCI6IkpXVCJ9.eyJpZCI6IjY0NmRmMzQ1OWVkMjgwMDAxYjMyODk1MSIsImlhdCI6MTY4NDkyNzMwMSwiZXhwIjoxNjg0OTI4NTAxfQ.-OdSb6-YymFhyGAy9QaOXfo1kBnVrcSnS7-AaSHCZhg
				Accept=*/*
				Content-Type=application/json
Cookies:		<none>
Multiparts:		<none>
Body:			<none>
Request method:	DELETE
Request URI:	https://stellarburgers.nomoreparties.site/api/auth/user/
Proxy:			<none>
Request params:	<none>
Query params:	<none>
Form params:	<none>
Path params:	<none>
Headers:		Authorization=Bearer eyJhbGciOiJIUzI1NiIsInR5cCI6IkpXVCJ9.eyJpZCI6IjY0NmRmMzQ1OWVkMjgwMDAxYjMyODk1MSIsImlhdCI6MTY4NDkyNzMwMSwiZXhwIjoxNjg0OTI4NTAxfQ.-OdSb6-YymFhyGAy9QaOXfo1kBnVrcSnS7-AaSHCZhg
				Accept=*/*
				Content-Type=application/json
Cookies:		<none>
Multiparts:		<none>
Body:			<none>
Request method:	DELETE
Request URI:	https://stellarburgers.nomoreparties.site/api/auth/user/
Proxy:			<none>
Request params:	<none>
Query params:	<none>
Form params:	<none>
Path params:	<none>
Headers:		Authorization=Bearer eyJhbGciOiJIUzI1NiIsInR5cCI6IkpXVCJ9.eyJpZCI6IjY0NmRmMzQ1OWVkMjgwMDAxYjMyODk1MSIsImlhdCI6MTY4NDkyNzMwMSwiZXhwIjoxNjg0OTI4NTAxfQ.-OdSb6-YymFhyGAy9QaOXfo1kBnVrcSnS7-AaSHCZhg
				Accept=*/*
				Content-Type=application/json
Cookies:		<none>
Multiparts:		<none>
Body:			<none>
HTTP/1.1 202 Accepted
Date: Wed, 24 May 2023 11:21:44 GMT
Content-Type: application/json; charset=utf-8
Content-Length: 54
Connection: keep-alive
X-Powered-By: Express
Access-Control-Allow-Origin: *
ETag: W/"36-hDmZnQ3Ou/ynnqAeC6TYmyseuzY"
CF-Cache-Status: DYNAMIC
Report-To: {"endpoints":[{"url":"https:\/\/a.nel.cloudflare.com\/report\/v3?s=683OIJ%2BLMl8ADAACsI8rvcdzjNpqB4UfJetyHyqvhXBFIZ%2BF1xtpn7GN52xKsuuulWmXRjgA9R18lET5TGRN2fWhj7J0yqp2HAD%2FJ%2FuIflQmgTT6JQb%2BT22qukYdjEUo5sfmR6QJa0t1%2BfoIhBazzxrAYus%3D"}],"group":"cf-nel","max_age":604800}
NEL: {"success_fraction":0,"report_to":"cf-nel","max_age":604800}
Server: cloudflare
CF-RAY: 7cc528256f3318d5-FRA
alt-svc: h3=":443"; ma=86400, h3-29=":443"; ma=86400

{
    "success": true,
    "message": "User successfully removed"
}
HTTP/1.1 202 Accepted
Date: Wed, 24 May 2023 11:21:44 GMT
Content-Type: application/json; charset=utf-8
Content-Length: 54
Connection: keep-alive
X-Powered-By: Express
Access-Control-Allow-Origin: *
ETag: W/"36-hDmZnQ3Ou/ynnqAeC6TYmyseuzY"
CF-Cache-Status: DYNAMIC
Report-To: {"endpoints":[{"url":"https:\/\/a.nel.cloudflare.com\/report\/v3?s=683OIJ%2BLMl8ADAACsI8rvcdzjNpqB4UfJetyHyqvhXBFIZ%2BF1xtpn7GN52xKsuuulWmXRjgA9R18lET5TGRN2fWhj7J0yqp2HAD%2FJ%2FuIflQmgTT6JQb%2BT22qukYdjEUo5sfmR6QJa0t1%2BfoIhBazzxrAYus%3D"}],"group":"cf-nel","max_age":604800}
NEL: {"success_fraction":0,"report_to":"cf-nel","max_age":604800}
Server: cloudflare
CF-RAY: 7cc528256f3318d5-FRA
alt-svc: h3=":443"; ma=86400, h3-29=":443"; ma=86400

{
    "success": true,
    "message": "User successfully removed"
}
HTTP/1.1 202 Accepted
Date: Wed, 24 May 2023 11:21:44 GMT
Content-Type: application/json; charset=utf-8
Content-Length: 54
Connection: keep-alive
X-Powered-By: Express
Access-Control-Allow-Origin: *
ETag: W/"36-hDmZnQ3Ou/ynnqAeC6TYmyseuzY"
CF-Cache-Status: DYNAMIC
Report-To: {"endpoints":[{"url":"https:\/\/a.nel.cloudflare.com\/report\/v3?s=683OIJ%2BLMl8ADAACsI8rvcdzjNpqB4UfJetyHyqvhXBFIZ%2BF1xtpn7GN52xKsuuulWmXRjgA9R18lET5TGRN2fWhj7J0yqp2HAD%2FJ%2FuIflQmgTT6JQb%2BT22qukYdjEUo5sfmR6QJa0t1%2BfoIhBazzxrAYus%3D"}],"group":"cf-nel","max_age":604800}
NEL: {"success_fraction":0,"report_to":"cf-nel","max_age":604800}
Server: cloudflare
CF-RAY: 7cc528256f3318d5-FRA
alt-svc: h3=":443"; ma=86400, h3-29=":443"; ma=86400

{
    "success": true,
    "message": "User successfully removed"
}
]]></system-out>
    <system-err><![CDATA[Starting ChromeDriver 110.0.5481.77 (65ed616c6e8ee3fe0ad64fe83796c020644d42af-refs/branch-heads/5481@{#839}) on port 39807
Only local connections are allowed.
Please see https://chromedriver.chromium.org/security-considerations for suggestions on keeping ChromeDriver safe.
ChromeDriver was started successfully.
[1684927300.841][WARNING]: virtual void DevToolsClientImpl::AddListener(DevToolsEventListener *) subscribing a listener to the already connected DevToolsClient. Connection notification will not arrive.
May 24, 2023 2:21:40 PM org.openqa.selenium.devtools.CdpVersionFinder findNearestMatch
WARNING: Unable to find CDP implementation matching 110
May 24, 2023 2:21:40 PM org.openqa.selenium.chromium.ChromiumDriver lambda$new$3
WARNING: Unable to find version of CDP to use for . You may need to include a dependency on a specific version of the CDP using something similar to `org.seleniumhq.selenium:selenium-devtools-v86:4.8.2` where the version ("v86") matches the version of the chromium-based browser you're using and the version number of the artifact is the same as Selenium's.
java.lang.instrument.IllegalClassFormatException: Error while instrumenting Script1.
	at org.jacoco.agent.rt.internal_3570298.CoverageTransformer.transform(CoverageTransformer.java:94)
	at java.instrument/java.lang.instrument.ClassFileTransformer.transform(ClassFileTransformer.java:244)
	at java.instrument/sun.instrument.TransformerManager.transform(TransformerManager.java:188)
	at java.instrument/sun.instrument.InstrumentationImpl.transform(InstrumentationImpl.java:541)
	at java.base/java.lang.ClassLoader.defineClass1(Native Method)
	at java.base/java.lang.ClassLoader.defineClass(ClassLoader.java:1013)
	at java.base/java.security.SecureClassLoader.defineClass(SecureClassLoader.java:150)
	at groovy.lang.GroovyClassLoader.access$400(GroovyClassLoader.java:89)
	at groovy.lang.GroovyClassLoader$ClassCollector.createClass(GroovyClassLoader.java:690)
	at groovy.lang.GroovyClassLoader$ClassCollector.onClassNode(GroovyClassLoader.java:707)
	at groovy.lang.GroovyClassLoader$ClassCollector.call(GroovyClassLoader.java:712)
	at org.codehaus.groovy.control.CompilationUnit$3.call(CompilationUnit.java:806)
	at org.codehaus.groovy.control.CompilationUnit$IPrimaryClassNodeOperation.doPhaseOperation(CompilationUnit.java:937)
	at org.codehaus.groovy.control.CompilationUnit.processPhaseOperations(CompilationUnit.java:692)
	at org.codehaus.groovy.control.CompilationUnit.compile(CompilationUnit.java:666)
	at groovy.lang.GroovyClassLoader.doParseClass(GroovyClassLoader.java:373)
	at groovy.lang.GroovyClassLoader.lambda$parseClass$2(GroovyClassLoader.java:316)
	at org.codehaus.groovy.runtime.memoize.StampedCommonCache.compute(StampedCommonCache.java:163)
	at org.codehaus.groovy.runtime.memoize.StampedCommonCache.getAndPut(StampedCommonCache.java:154)
	at groovy.lang.GroovyClassLoader.parseClass(GroovyClassLoader.java:314)
	at groovy.lang.GroovyShell.parseClass(GroovyShell.java:572)
	at groovy.lang.GroovyShell.parse(GroovyShell.java:585)
	at groovy.lang.GroovyShell.parse(GroovyShell.java:597)
	at groovy.lang.GroovyShell.evaluate(GroovyShell.java:459)
	at groovy.lang.GroovyShell.evaluate(GroovyShell.java:495)
	at groovy.lang.GroovyShell.evaluate(GroovyShell.java:469)
	at java.base/jdk.internal.reflect.DirectMethodHandleAccessor.invoke(DirectMethodHandleAccessor.java:104)
	at java.base/java.lang.reflect.Method.invoke(Method.java:578)
	at org.codehaus.groovy.runtime.callsite.PlainObjectMetaMethodSite.doInvoke(PlainObjectMetaMethodSite.java:43)
	at org.codehaus.groovy.runtime.callsite.PogoMetaMethodSite$PogoCachedMethodSiteNoUnwrap.invoke(PogoMetaMethodSite.java:186)
	at org.codehaus.groovy.runtime.callsite.PogoMetaMethodSite.call(PogoMetaMethodSite.java:75)
	at org.codehaus.groovy.runtime.callsite.AbstractCallSite.call(AbstractCallSite.java:139)
	at io.restassured.internal.path.json.JSONAssertion.eval(JSONAssertion.groovy:84)
	at io.restassured.internal.path.json.JSONAssertion.this$2$eval(JSONAssertion.groovy)
	at java.base/jdk.internal.reflect.DirectMethodHandleAccessor.invoke(DirectMethodHandleAccessor.java:104)
	at java.base/java.lang.reflect.Method.invoke(Method.java:578)
	at org.codehaus.groovy.runtime.callsite.PlainObjectMetaMethodSite.doInvoke(PlainObjectMetaMethodSite.java:43)
	at org.codehaus.groovy.runtime.callsite.PogoMetaMethodSite$PogoCachedMethodSiteNoUnwrapNoCoerce.invoke(PogoMetaMethodSite.java:198)
	at org.codehaus.groovy.runtime.callsite.PogoMetaMethodSite.callCurrent(PogoMetaMethodSite.java:62)
	at org.codehaus.groovy.runtime.callsite.AbstractCallSite.callCurrent(AbstractCallSite.java:203)
	at io.restassured.internal.path.json.JSONAssertion.getAsJsonObject(JSONAssertion.groovy:46)
	at io.restassured.internal.path.json.JSONAssertion$getAsJsonObject.callCurrent(Unknown Source)
	at io.restassured.internal.path.json.JSONAssertion.getResult(JSONAssertion.groovy:28)
	at io.restassured.path.json.JsonPath.get(JsonPath.java:203)
	at io.restassured.path.json.JsonPath$get$0.call(Unknown Source)
	at io.restassured.internal.RestAssuredResponseOptionsGroovyImpl.path(RestAssuredResponseOptionsGroovyImpl.groovy:410)
	at io.restassured.internal.RestAssuredResponseOptionsImpl.path(RestAssuredResponseOptionsImpl.java:230)
	at ConstructorTest.constructorTabsTest(ConstructorTest.java:47)
	at java.base/jdk.internal.reflect.DirectMethodHandleAccessor.invoke(DirectMethodHandleAccessor.java:104)
	at java.base/java.lang.reflect.Method.invoke(Method.java:578)
	at org.junit.runners.model.FrameworkMethod$1.runReflectiveCall(FrameworkMethod.java:59)
	at org.junit.internal.runners.model.ReflectiveCallable.run(ReflectiveCallable.java:12)
	at org.junit.runners.model.FrameworkMethod.invokeExplosively(FrameworkMethod.java:56)
	at org.junit.internal.runners.statements.InvokeMethod.evaluate(InvokeMethod.java:17)
	at org.junit.internal.runners.statements.RunBefores.evaluate(RunBefores.java:26)
	at org.junit.internal.runners.statements.RunAfters.evaluate(RunAfters.java:27)
	at org.junit.runners.ParentRunner$3.evaluate(ParentRunner.java:306)
	at org.junit.runners.BlockJUnit4ClassRunner$1.evaluate(BlockJUnit4ClassRunner.java:100)
	at org.junit.runners.ParentRunner.runLeaf(ParentRunner.java:366)
	at org.junit.runners.BlockJUnit4ClassRunner.runChild(BlockJUnit4ClassRunner.java:103)
	at org.junit.runners.BlockJUnit4ClassRunner.runChild(BlockJUnit4ClassRunner.java:63)
	at org.junit.runners.ParentRunner$4.run(ParentRunner.java:331)
	at org.junit.runners.ParentRunner$1.schedule(ParentRunner.java:79)
	at org.junit.runners.ParentRunner.runChildren(ParentRunner.java:329)
	at org.junit.runners.ParentRunner.access$100(ParentRunner.java:66)
	at org.junit.runners.ParentRunner$2.evaluate(ParentRunner.java:293)
	at org.junit.internal.runners.statements.RunBefores.evaluate(RunBefores.java:26)
	at org.junit.runners.ParentRunner$3.evaluate(ParentRunner.java:306)
	at org.junit.runners.ParentRunner.run(ParentRunner.java:413)
	at org.apache.maven.surefire.junit4.JUnit4Provider.execute(JUnit4Provider.java:365)
	at org.apache.maven.surefire.junit4.JUnit4Provider.executeWithRerun(JUnit4Provider.java:273)
	at org.apache.maven.surefire.junit4.JUnit4Provider.executeTestSet(JUnit4Provider.java:238)
	at org.apache.maven.surefire.junit4.JUnit4Provider.invoke(JUnit4Provider.java:159)
	at org.apache.maven.surefire.booter.ForkedBooter.invokeProviderInSameClassLoader(ForkedBooter.java:384)
	at org.apache.maven.surefire.booter.ForkedBooter.runSuitesInProcess(ForkedBooter.java:345)
	at org.apache.maven.surefire.booter.ForkedBooter.execute(ForkedBooter.java:126)
	at org.apache.maven.surefire.booter.ForkedBooter.main(ForkedBooter.java:418)
Caused by: java.io.IOException: Error while instrumenting Script1.
	at org.jacoco.agent.rt.internal_3570298.core.instr.Instrumenter.instrumentError(Instrumenter.java:160)
	at org.jacoco.agent.rt.internal_3570298.core.instr.Instrumenter.instrument(Instrumenter.java:110)
	at org.jacoco.agent.rt.internal_3570298.CoverageTransformer.transform(CoverageTransformer.java:92)
	... 76 more
Caused by: java.lang.IllegalArgumentException: Unsupported class file major version 63
	at org.jacoco.agent.rt.internal_3570298.asm.ClassReader.<init>(ClassReader.java:196)
	at org.jacoco.agent.rt.internal_3570298.asm.ClassReader.<init>(ClassReader.java:177)
	at org.jacoco.agent.rt.internal_3570298.asm.ClassReader.<init>(ClassReader.java:163)
	at org.jacoco.agent.rt.internal_3570298.core.internal.instr.InstrSupport.classReaderFor(InstrSupport.java:280)
	at org.jacoco.agent.rt.internal_3570298.core.instr.Instrumenter.instrument(Instrumenter.java:76)
	at org.jacoco.agent.rt.internal_3570298.core.instr.Instrumenter.instrument(Instrumenter.java:108)
	... 77 more
]]></system-err>
  </testcase>
</testsuite>